
> codespaces-react@0.1.0 lint
> biome check src

src\components\modals\BookingModal.jsx:132:5 lint/style/useBlockStatements  FIXABLE  ━━━━━━━━━━━━━━━

  ! Block statements are preferred in this position.
  
    131 │   const checkAvailability = async (date, time) => {
  > 132 │     if (!(selectedItem && date)) return true;
        │     ^^^^^^^^^^^^^^^^^^^^^^^^^^^^^^^^^^^^^^^^^
    133 │ 
    134 │     setIsCheckingAvailability(true);
  
  i Unsafe fix: Wrap the statement with a `JsBlockStatement`
  
    132 │ ····if·(!(selectedItem·&&·date))·{·return·true;·}
        │                                  ++            ++

src\config\constants\GALLERY.ts:121:3 lint/style/useBlockStatements  FIXABLE  ━━━━━━━━━━━━━━━━━━━━━━

  ! Block statements are preferred in this position.
  
    120 │ export const getImagesByCategory = (category: GalleryCategory): readonly GalleryImage[] => {
  > 121 │   if (category === 'All') return GALLERY_IMAGES;
        │   ^^^^^^^^^^^^^^^^^^^^^^^^^^^^^^^^^^^^^^^^^^^^^^
    122 │   return GALLERY_IMAGES.filter((image) => image.category === category);
    123 │ };
  
  i Unsafe fix: Wrap the statement with a `JsBlockStatement`
  
    121 │ ··if·(category·===·'All')·{·return·GALLERY_IMAGES;·}
        │                           ++                      ++

src\components\home\CTASection.jsx:22:13 lint/a11y/useButtonType ━━━━━━━━━━━━━━━━━━━━━━━━━━━━━━━━━━━

  × Provide an explicit type prop for the button element.
  
    20 │           </p>
    21 │           <div className="flex flex-col sm:flex-row gap-4 justify-center">
  > 22 │             <button
       │             ^^^^^^^
  > 23 │               onClick={onContactClick}
  > 24 │               className="bg-white text-ocean-600 hover:bg-ocean-50 font-bold text-lg px-10 py-4 rounded-lg shadow-medium hover:shadow-strong transition-all duration-300 transform hover:scale-105 hover:-translate-y-1"
  > 25 │             >
       │             ^
    26 │               Contact Us Today
    27 │             </button>
  
  i The default type of a button is submit, which causes the submission of a form when placed inside a `form` element. This is likely not the behaviour that you want inside a React application.
  
  i Allowed button types are: submit, button or reset
  

src\components\home\HeroSection.jsx:71:11 lint/a11y/noSvgWithoutTitle ━━━━━━━━━━━━━━━━━━━━━━━━━━━━━━

  × Alternative text title element cannot be empty
  
    69 │         <div className="flex flex-col items-center text-white/90">
    70 │           <span className="text-sm mb-2 font-medium">Scroll to explore</span>
  > 71 │           <svg
       │           ^^^^
  > 72 │             className="w-6 h-6 animate-bounce"
  > 73 │             fill="none"
  > 74 │             stroke="currentColor"
  > 75 │             viewBox="0 0 24 24"
  > 76 │           >
       │           ^
    77 │             <path
    78 │               strokeLinecap="round"
  
  i For accessibility purposes, SVGs should have an alternative text, provided via title element. If the svg element has role="img", you should add the aria-label or aria-labelledby attribute.
  

src\components\home\HeroSection.jsx:47:11 lint/a11y/useButtonType ━━━━━━━━━━━━━━━━━━━━━━━━━━━━━━━━━━

  × Provide an explicit type prop for the button element.
  
    45 │           className="flex flex-col sm:flex-row gap-4 justify-center mt-4"
    46 │         >
  > 47 │           <button
       │           ^^^^^^^
  > 48 │             onClick={onBookClick}
  > 49 │             className="bg-ocean-600 hover:bg-ocean-700 text-white font-bold text-lg px-8 py-4 rounded-lg shadow-ocean hover:shadow-strong transition-all duration-300 transform hover:scale-105 hover:-translate-y-0.5"
  > 50 │           >
       │           ^
    51 │             Book Your Dive
    52 │           </button>
  
  i The default type of a button is submit, which causes the submission of a form when placed inside a `form` element. This is likely not the behaviour that you want inside a React application.
  
  i Allowed button types are: submit, button or reset
  

src\components\home\ServicesSection.jsx:59:9 lint/a11y/noSvgWithoutTitle ━━━━━━━━━━━━━━━━━━━━━━━━━━━

  × Alternative text title element cannot be empty
  
    57 │       >
    58 │         {service.linkText}
  > 59 │         <svg
       │         ^^^^
  > 60 │           className="w-4 h-4 ml-1 transition-transform duration-200 group-hover:translate-x-1"
  > 61 │           fill="none"
  > 62 │           stroke="currentColor"
  > 63 │           viewBox="0 0 24 24"
  > 64 │         >
       │         ^
    65 │           <path strokeLinecap="round" strokeLinejoin="round" strokeWidth={2} d="M9 5l7 7-7 7" />
    66 │         </svg>
  
  i For accessibility purposes, SVGs should have an alternative text, provided via title element. If the svg element has role="img", you should add the aria-label or aria-labelledby attribute.
  

src\components\home\SpecialOffersSection.jsx:99:23 lint/a11y/noSvgWithoutTitle ━━━━━━━━━━━━━━━━━━━━━

  × Alternative text title element cannot be empty
  
     97 │                   {oceanSpiritContent.offers[1].includes.map((item, index) => (
     98 │                     <li key={index} className="flex items-start">
   > 99 │                       <svg
        │                       ^^^^
  > 100 │                         className="w-4 h-4 text-ocean-600 mr-2 mt-0.5 flex-shrink-0"
  > 101 │                         fill="currentColor"
  > 102 │                         viewBox="0 0 20 20"
  > 103 │                       >
        │                       ^
    104 │                         <path
    105 │                           fillRule="evenodd"
  
  i For accessibility purposes, SVGs should have an alternative text, provided via title element. If the svg element has role="img", you should add the aria-label or aria-labelledby attribute.
  

src\components\home\SpecialOffersSection.jsx:140:19 lint/a11y/noSvgWithoutTitle ━━━━━━━━━━━━━━━━━━━━

  × Alternative text title element cannot be empty
  
    138 │               <div className="bg-gradient-to-br from-orange-50 to-yellow-50 p-5 rounded-lg">
    139 │                 <h4 className="font-semibold text-orange-800 mb-3 flex items-center">
  > 140 │                   <svg className="w-5 h-5 mr-2" fill="currentColor" viewBox="0 0 20 20">
        │                   ^^^^^^^^^^^^^^^^^^^^^^^^^^^^^^^^^^^^^^^^^^^^^^^^^^^^^^^^^^^^^^^^^^^^^^
    141 │                     <path
    142 │                       fillRule="evenodd"
  
  i For accessibility purposes, SVGs should have an alternative text, provided via title element. If the svg element has role="img", you should add the aria-label or aria-labelledby attribute.
  

src\components\home\SpecialOffersSection.jsx:162:19 lint/a11y/noSvgWithoutTitle ━━━━━━━━━━━━━━━━━━━━

  × Alternative text title element cannot be empty
  
    160 │               <div className="bg-gradient-to-br from-blue-50 to-cyan-50 p-5 rounded-lg">
    161 │                 <h4 className="font-semibold text-blue-800 mb-3 flex items-center">
  > 162 │                   <svg className="w-5 h-5 mr-2" fill="currentColor" viewBox="0 0 20 20">
        │                   ^^^^^^^^^^^^^^^^^^^^^^^^^^^^^^^^^^^^^^^^^^^^^^^^^^^^^^^^^^^^^^^^^^^^^^
    163 │                     <path
    164 │                       fillRule="evenodd"
  
  i For accessibility purposes, SVGs should have an alternative text, provided via title element. If the svg element has role="img", you should add the aria-label or aria-labelledby attribute.
  

src\components\home\SpecialOffersSection.jsx:60:15 lint/a11y/useButtonType ━━━━━━━━━━━━━━━━━━━━━━━━━

  × Provide an explicit type prop for the button element.
  
    58 │                 </p>
    59 │               </div>
  > 60 │               <button
       │               ^^^^^^^
  > 61 │                 onClick={() => handleEmailOffer(oceanSpiritContent.offers[0].emailSubject)}
  > 62 │                 className="w-full bg-ocean-600 hover:bg-ocean-700 text-white font-semibold py-3 px-6 rounded-lg transition-all duration-200 transform hover:scale-105"
  > 63 │               >
       │               ^
    64 │                 Click here to Discover Scuba Diving
    65 │               </button>
  
  i The default type of a button is submit, which causes the submission of a form when placed inside a `form` element. This is likely not the behaviour that you want inside a React application.
  
  i Allowed button types are: submit, button or reset
  

src\components\home\SpecialOffersSection.jsx:98:30 lint/suspicious/noArrayIndexKey ━━━━━━━━━━━━━━━━━

  × Avoid using the index of an array as key property in an element.
  
     96 │                 <ul className="text-sm text-gray-700 space-y-1">
     97 │                   {oceanSpiritContent.offers[1].includes.map((item, index) => (
   > 98 │                     <li key={index} className="flex items-start">
        │                              ^^^^^
     99 │                       <svg
    100 │                         className="w-4 h-4 text-ocean-600 mr-2 mt-0.5 flex-shrink-0"
  
  i This is the source of the key value.
  
    95 │                 <p className="text-sm font-semibold text-ocean-800 mb-2">Package Includes:</p>
    96 │                 <ul className="text-sm text-gray-700 space-y-1">
  > 97 │                   {oceanSpiritContent.offers[1].includes.map((item, index) => (
       │                                                                     ^^^^^
    98 │                     <li key={index} className="flex items-start">
    99 │                       <svg
  
  i The order of the items may change, and this also affects performances and component state.
  
  i Check the React documentation. 
  

src\components\home\SpecialOffersSection.jsx:115:15 lint/a11y/useButtonType ━━━━━━━━━━━━━━━━━━━━━━━━

  × Provide an explicit type prop for the button element.
  
    113 │                 </ul>
    114 │               </div>
  > 115 │               <button
        │               ^^^^^^^
  > 116 │                 onClick={() => handleEmailOffer(oceanSpiritContent.offers[1].emailSubject)}
  > 117 │                 className="w-full bg-ocean-600 hover:bg-ocean-700 text-white font-semibold py-3 px-6 rounded-lg transition-all duration-200 transform hover:scale-105"
  > 118 │               >
        │               ^
    119 │                 Click here for information on how to book
    120 │               </button>
  
  i The default type of a button is submit, which causes the submission of a form when placed inside a `form` element. This is likely not the behaviour that you want inside a React application.
  
  i Allowed button types are: submit, button or reset
  

src\components\home\TestimonialsSection.jsx:52:26 lint/suspicious/noArrayIndexKey ━━━━━━━━━━━━━━━━━━

  × Avoid using the index of an array as key property in an element.
  
    50 │       <div className="flex mb-3">
    51 │         {[...Array(testimonial.rating)].map((_, i) => (
  > 52 │           <StarIcon key={i} className="w-5 h-5 text-yellow-400" />
       │                          ^
    53 │         ))}
    54 │       </div>
  
  i This is the source of the key value.
  
    50 │       <div className="flex mb-3">
  > 51 │         {[...Array(testimonial.rating)].map((_, i) => (
       │                                                 ^
    52 │           <StarIcon key={i} className="w-5 h-5 text-yellow-400" />
    53 │         ))}
  
  i The order of the items may change, and this also affects performances and component state.
  
  i Check the React documentation. 
  

src\components\modals\ContactModal.jsx:162:19 lint/a11y/useButtonType ━━━━━━━━━━━━━━━━━━━━━━━━━━━━━━

  × Provide an explicit type prop for the button element.
  
    160 │                     Contact Us
    161 │                   </Dialog.Title>
  > 162 │                   <button
        │                   ^^^^^^^
  > 163 │                     onClick={handleClose}
  > 164 │                     className="text-gray-400 hover:text-gray-500 transition-colors"
  > 165 │                     aria-label="Close"
  > 166 │                   >
        │                   ^
    167 │                     <XMarkIcon className="w-6 h-6" />
    168 │                   </button>
  
  i The default type of a button is submit, which causes the submission of a form when placed inside a `form` element. This is likely not the behaviour that you want inside a React application.
  
  i Allowed button types are: submit, button or reset
  

src\components\ui\CurrencySelector.jsx:35:19 lint/a11y/useButtonType ━━━━━━━━━━━━━━━━━━━━━━━━━━━━━━━

  × Provide an explicit type prop for the button element.
  
    33 │               <Menu.Item key={code}>
    34 │                 {({ active }) => (
  > 35 │                   <button
       │                   ^^^^^^^
  > 36 │                     onClick={() => setCurrency(code)}
  > 37 │                     className={`${active ? 'bg-ocean-50 text-ocean-600' : 'text-gray-700'} ${
  > 38 │                       currency === code ? 'font-semibold' : ''
  > 39 │                     } group flex w-full items-center px-4 py-2 text-sm`}
  > 40 │                   >
       │                   ^
    41 │                     <span className="mr-2">{CURRENCIES[code].symbol}</span>
    42 │                     <span>{code}</span>
  
  i The default type of a button is submit, which causes the submission of a form when placed inside a `form` element. This is likely not the behaviour that you want inside a React application.
  
  i Allowed button types are: submit, button or reset
  

src\components\ui\ErrorBoundary.jsx:45:15 lint/a11y/useButtonType ━━━━━━━━━━━━━━━━━━━━━━━━━━━━━━━━━━

  × Provide an explicit type prop for the button element.
  
    43 │             </div>
    44 │             <div className="mt-5">
  > 45 │               <button
       │               ^^^^^^^
  > 46 │                 onClick={this.handleReset}
  > 47 │                 className="group relative w-full flex justify-center py-2 px-4 border border-transparent text-sm font-medium rounded-md text-white bg-ocean-600 hover:bg-ocean-700 focus:outline-none focus:ring-2 focus:ring-offset-2 focus:ring-ocean-500"
  > 48 │               >
       │               ^
    49 │                 Try Again
    50 │               </button>
  
  i The default type of a button is submit, which causes the submission of a form when placed inside a `form` element. This is likely not the behaviour that you want inside a React application.
  
  i Allowed button types are: submit, button or reset
  

src\components\ui\WhatsAppWidget.jsx:50:19 lint/a11y/noSvgWithoutTitle ━━━━━━━━━━━━━━━━━━━━━━━━━━━━━

  × Alternative text title element cannot be empty
  
    48 │               <div className="space-y-2 mb-4">
    49 │                 <div className="flex items-center text-sm text-gray-600">
  > 50 │                   <svg
       │                   ^^^^
  > 51 │                     className="w-4 h-4 mr-2 text-[#25D366]"
  > 52 │                     fill="currentColor"
  > 53 │                     viewBox="0 0 20 20"
  > 54 │                   >
       │                   ^
    55 │                     <path d="M2 3a1 1 0 011-1h2.153a1 1 0 01.986.836l.74 4.435a1 1 0 01-.54 1.06l-1.548.773a11.037 11.037 0 006.105 6.105l.774-1.548a1 1 0 011.059-.54l4.435.74a1 1 0 01.836.986V17a1 1 0 01-1 1h-2C7.82 18 2 12.18 2 5V3z" />
    56 │                   </svg>
  
  i For accessibility purposes, SVGs should have an alternative text, provided via title element. If the svg element has role="img", you should add the aria-label or aria-labelledby attribute.
  

src\components\ui\WhatsAppWidget.jsx:60:19 lint/a11y/noSvgWithoutTitle ━━━━━━━━━━━━━━━━━━━━━━━━━━━━━

  × Alternative text title element cannot be empty
  
    58 │                 </div>
    59 │                 <div className="flex items-center text-sm text-gray-600">
  > 60 │                   <svg
       │                   ^^^^
  > 61 │                     className="w-4 h-4 mr-2 text-[#25D366]"
  > 62 │                     fill="currentColor"
  > 63 │                     viewBox="0 0 20 20"
  > 64 │                   >
       │                   ^
    65 │                     <path
    66 │                       fillRule="evenodd"
  
  i For accessibility purposes, SVGs should have an alternative text, provided via title element. If the svg element has role="img", you should add the aria-label or aria-labelledby attribute.
  

src\components\ui\WhatsAppWidget.jsx:112:15 lint/a11y/noSvgWithoutTitle ━━━━━━━━━━━━━━━━━━━━━━━━━━━━

  × Alternative text title element cannot be empty
  
    110 │               transition={{ duration: 0.2 }}
    111 │             >
  > 112 │               <svg className="w-8 h-8 text-white" fill="currentColor" viewBox="0 0 24 24">
        │               ^^^^^^^^^^^^^^^^^^^^^^^^^^^^^^^^^^^^^^^^^^^^^^^^^^^^^^^^^^^^^^^^^^^^^^^^^^^^
    113 │                 <path d="M17.472 14.382c-.297-.149-1.758-.867-2.03-.967-.273-.099-.471-.148-.67.15-.197.297-.767.966-.94 1.164-.173.199-.347.223-.644.075-.297-.15-1.255-.463-2.39-1.475-.883-.788-1.48-1.761-1.653-2.059-.173-.297-.018-.458.13-.606.134-.133.298-.347.446-.52.149-.174.198-.298.298-.497.099-.198.05-.371-.025-.52-.075-.149-.669-1.612-.916-2.207-.242-.579-.487-.5-.669-.51-.173-.008-.371-.01-.57-.01-.198 0-.52.074-.792.372-.272.297-1.04 1.016-1.04 2.479 0 1.462 1.065 2.875 1.213 3.074.149.198 2.096 3.2 5.077 4.487.709.306 1.262.489 1.694.625.712.227 1.36.195 1.871.118.571-.085 1.758-.719 2.006-1.413.248-.694.248-1.289.173-1.413-.074-.124-.272-.198-.57-.347m-5.421 7.403h-.004a9.87 9.87 0 01-5.031-1.378l-.361-.214-3.741.982.998-3.648-.235-.374a9.86 9.86 0 01-1.51-5.26c.001-5.45 4.436-9.884 9.888-9.884 2.64 0 5.122 1.03 6.988 2.898a9.825 9.825 0 012.893 6.994c-.003 5.45-4.437 9.884-9.885 9.884m8.413-18.297A11.815 11.815 0 0012.05 0C5.495 0 .16 5.335.157 11.892c0 2.096.547 4.142 1.588 5.945L.057 24l6.305-1.654a11.882 11.882 0 005.683 1.448h.005c6.554 0 11.89-5.335 11.893-11.893a11.821 11.821 0 00-3.48-8.413Z" />
    114 │               </svg>
  
  i For accessibility purposes, SVGs should have an alternative text, provided via title element. If the svg element has role="img", you should add the aria-label or aria-labelledby attribute.
  

src\components\ui\WhatsAppWidget.jsx:31:15 lint/a11y/useButtonType ━━━━━━━━━━━━━━━━━━━━━━━━━━━━━━━━━

  × Provide an explicit type prop for the button element.
  
    29 │                 </div>
    30 │               </div>
  > 31 │               <button
       │               ^^^^^^^
  > 32 │                 onClick={() => setIsOpen(false)}
  > 33 │                 className="text-white/90 hover:text-white transition-colors"
  > 34 │                 aria-label="Close chat"
  > 35 │               >
       │               ^
    36 │                 <XMarkIcon className="w-6 h-6" />
    37 │               </button>
  
  i The default type of a button is submit, which causes the submission of a form when placed inside a `form` element. This is likely not the behaviour that you want inside a React application.
  
  i Allowed button types are: submit, button or reset
  

The number of diagnostics exceeds the limit allowed. Use --max-diagnostics to increase it.
Diagnostics not shown: 72.
Checked 96 files in 84ms. No fixes applied.
Found 61 errors.
Found 29 warnings.
Found 2 infos.
check ━━━━━━━━━━━━━━━━━━━━━━━━━━━━━━━━━━━━━━━━━━━━━━━━━━━━━━━━━━━━━━━━━━━━━━━━━━━━━━━━━━━━━━━━━━━━━━

  × Some errors were emitted while running checks.
  

