
> codespaces-react@0.1.0 build
> vite build

[36mvite v7.1.11 [32mbuilding for production...[36m[39m
transforming...
[32m✓[39m 1966 modules transformed.
rendering chunks...
computing gzip size...
[2mdist/[22m[32mindex.html                        [39m[1m[2m  6.45 kB[22m[1m[22m[2m │ gzip:   1.93 kB[22m
[2mdist/[22m[35massets/vendor-misc-DtVgbGgI.css   [39m[1m[2m  9.81 kB[22m[1m[22m[2m │ gzip:   2.12 kB[22m
[2mdist/[22m[35massets/maps-lDzrbhio.css          [39m[1m[2m 14.94 kB[22m[1m[22m[2m │ gzip:   6.37 kB[22m
[2mdist/[22m[35massets/react-vendor-C108VLuG.css  [39m[1m[2m 22.00 kB[22m[1m[22m[2m │ gzip:   3.08 kB[22m
[2mdist/[22m[35massets/index-DDQKjKVl.css         [39m[1m[2m 62.35 kB[22m[1m[22m[2m │ gzip:  10.80 kB[22m
[2mdist/[22m[36massets/query-BNHRVZXZ.js          [39m[1m[2m  0.22 kB[22m[1m[22m[2m │ gzip:   0.19 kB[22m
[2mdist/[22m[36massets/ContactModal-V432JlEn.js   [39m[1m[2m  7.13 kB[22m[1m[22m[2m │ gzip:   2.29 kB[22m
[2mdist/[22m[36massets/BookingModal-D12R8kNy.js   [39m[1m[2m 10.49 kB[22m[1m[22m[2m │ gzip:   3.38 kB[22m
[2mdist/[22m[36massets/DiveSitesPage-LpguX5j_.js  [39m[1m[2m 12.06 kB[22m[1m[22m[2m │ gzip:   4.03 kB[22m
[2mdist/[22m[36massets/GalleryPage-D4wXT36R.js    [39m[1m[2m 12.49 kB[22m[1m[22m[2m │ gzip:   3.87 kB[22m
[2mdist/[22m[36massets/CoursesPage-BE4rw9mk.js    [39m[1m[2m 13.70 kB[22m[1m[22m[2m │ gzip:   4.19 kB[22m
[2mdist/[22m[36massets/HomePage-MIxjM1Lf.js       [39m[1m[2m 20.60 kB[22m[1m[22m[2m │ gzip:   5.42 kB[22m
[2mdist/[22m[36massets/AboutPage-CJ1lbzOa.js      [39m[1m[2m 21.85 kB[22m[1m[22m[2m │ gzip:   5.26 kB[22m
[2mdist/[22m[36massets/index-QyYh3B7N.js          [39m[1m[2m 32.89 kB[22m[1m[22m[2m │ gzip:  11.39 kB[22m
[2mdist/[22m[36massets/forms-CbXH1jhy.js          [39m[1m[2m 50.72 kB[22m[1m[22m[2m │ gzip:  13.32 kB[22m
[2mdist/[22m[36massets/framer-motion-DJp1PtT-.js  [39m[1m[2m 78.44 kB[22m[1m[22m[2m │ gzip:  24.44 kB[22m
[2mdist/[22m[36massets/ui-headless-BD-NL_cn.js    [39m[1m[2m 84.50 kB[22m[1m[22m[2m │ gzip:  26.75 kB[22m
[2mdist/[22m[36massets/maps-Bz7VnJjx.js           [39m[1m[2m148.50 kB[22m[1m[22m[2m │ gzip:  42.75 kB[22m
[2mdist/[22m[36massets/vendor-misc-7Aqeo7Mp.js    [39m[1m[2m297.20 kB[22m[1m[22m[2m │ gzip:  93.37 kB[22m
[2mdist/[22m[36massets/react-vendor-ClZ1cVxn.js   [39m[1m[2m393.78 kB[22m[1m[22m[2m │ gzip: 117.88 kB[22m
[32m✓ built in 12.66s[39m
